# Server version 0.08 running on AlexHale:8123
# Game ID: 47
# Board class: pentago_swap.PentagoBoard
# Timeout: 2000
# First Move Timeout: 30000
# Date: Sun Mar 31 21:05:55 EDT 2019
# Player 1: Player-0, 'Human', running on AlexHale
# Player 2: Player-1, 'Human', running on AlexHale
START Player-0 Human
START Player-1 Human
2 2 TR BR 0
3 3 BL TR 1
3 1 BR TR 0
4 0 BL BR 1
3 1 TR BR 0
2 3 TL BL 1
0 3 TR TL 0
5 3 BR BL 1
4 0 BL BR 0
0 2 TL TR 1
0 2 TL BL 0
3 5 BR BL 1
3 3 TL BR 0
GAMEOVER WINNER 0
# Game ended: Sun Mar 31 21:09:01 EDT 2019
