# Server version 0.08 running on AlexHale:8123
# Game ID: 83
# Board class: pentago_swap.PentagoBoard
# Timeout: 2000
# First Move Timeout: 30000
# Date: Mon Apr 01 19:31:04 EDT 2019
# Player 1: Player-0, 'RandomPlayer', running on 127.0.0.1
# Player 2: Player-1, '260672475', running on 127.0.0.1
START Player-0 RandomPlayer
START Player-1 260672475
5 2 TR BR 0
0 0 TL TR 1
0 4 TL TR 0
0 2 TR BR 1
4 0 BL BR 0
0 3 TL BR 1
2 0 TL BL 0
0 0 TL BL 1
5 3 BL BR 0
0 0 TL BL 1
2 1 TL TR 0
0 1 TR BR 1
0 2 BL BR 0
0 4 TL TR 1
4 4 TR BR 0
0 2 TL BL 1
GAMEOVER WINNER 1
# Game ended: Mon Apr 01 19:31:05 EDT 2019
