# Server version 0.08 running on AlexHale:8123
# Game ID: 229
# Board class: pentago_swap.PentagoBoard
# Timeout: 2000
# First Move Timeout: 30000
# Date: Mon Apr 08 19:56:09 EDT 2019
# Player 1: Player-0, '260672475', running on 127.0.0.1
# Player 2: Player-1, 'RandomPlayer', running on 127.0.0.1
START Player-0 260672475
START Player-1 RandomPlayer
0 0 TL TR 0
0 1 TR BR 1
3 4 TR BR 0
3 3 TL TR 1
3 5 TL TR 0
2 0 BL BR 1
5 1 BL BR 0
3 4 TL BL 1
2 0 TL BL 0
5 3 BL BR 1
2 1 BL BR 0
3 1 TL TR 1
1 1 TL TR 0
1 1 BL BR 1
2 5 BL BR 0
5 1 TR BR 1
GAMEOVER TIMEOUT WINNER 1
# Game ended: Mon Apr 08 19:56:14 EDT 2019
