# Server version 0.08 running on AlexHale:8123
# Game ID: 45
# Board class: pentago_swap.PentagoBoard
# Timeout: 2000
# First Move Timeout: 30000
# Date: Sat Mar 30 09:44:44 EDT 2019
# Player 1: Player-0, '260672475', running on AlexHale
# Player 2: Player-1, '260672475', running on AlexHale
START Player-0 260672475
START Player-1 260672475
0 0 TL BR 0
0 0 TL TR 1
0 0 TR BL 0
0 1 TR BL 1
0 2 TL BL 0
0 0 TL BL 1
0 4 TL TR 0
0 2 TL TR 1
1 0 TL TR 0
1 0 TL BL 1
0 1 TR BL 0
0 2 TR BL 1
1 0 TL TR 0
1 1 TL TR 1
1 1 TL BL 0
1 1 TL BR 1
0 1 BL BR 0
0 2 TL TR 1
1 2 TR BL 0
1 5 TL BR 1
1 2 TL TR 0
2 0 TL TR 1
2 0 TL TR 0
4 1 TL TR 1
GAMEOVER WINNER 1
# Game ended: Sat Mar 30 09:44:58 EDT 2019
