# Server version 0.08 running on AlexHale:8123
# Game ID: 2
# Board class: pentago_swap.PentagoBoard
# Timeout: 2000
# First Move Timeout: 30000
# Date: Fri Mar 29 17:55:20 EDT 2019
# Player 1: Player-0, 'Human', running on AlexHale
# Player 2: Player-1, 'RandomPlayer', running on AlexHale
START Player-0 Human
START Player-1 RandomPlayer
1 1 TR BL 0
0 1 TR BR 1
0 0 TR BR 0
3 3 TL TR 1
2 3 BL TL 0
2 0 BL BR 1
3 2 BR TL 0
3 5 TL BL 1
3 2 TL BR 0
5 4 BL BR 1
4 1 TL BR 0
3 3 TL TR 1
2 3 TR TL 0
1 1 BL BR 1
5 3 TL BR 0
5 2 TR BR 1
2 2 TL TR 0
1 3 TL BR 1
0 2 TL BL 0
GAMEOVER WINNER 0
# Game ended: Fri Mar 29 17:58:15 EDT 2019
