# Server version 0.08 running on AlexHale:8123
# Game ID: 131
# Board class: pentago_swap.PentagoBoard
# Timeout: 2000
# First Move Timeout: 30000
# Date: Fri Apr 05 11:24:27 EDT 2019
# Player 1: Player-0, '260672475', running on AlexHale
# Player 2: Player-1, 'Human', running on AlexHale
START Player-0 260672475
START Player-1 Human
0 0 TL BR 0
0 0 TR TL 1
0 0 TR BL 0
0 3 BL TL 1
0 1 TL BL 0
2 3 BL BR 1
0 1 TL BR 0
1 3 TL BR 1
0 2 TL TR 0
4 3 BL BR 1
GAMEOVER WINNER 1
# Game ended: Fri Apr 05 11:25:46 EDT 2019
