# Server version 0.08 running on AlexHale:8123
# Game ID: 3
# Board class: pentago_swap.PentagoBoard
# Timeout: 2000
# First Move Timeout: 30000
# Date: Fri Mar 29 18:26:06 EDT 2019
# Player 1: Player-0, 'Human', running on AlexHale
# Player 2: Player-1, 'Human', running on AlexHale
START Player-0 Human
START Player-1 Human
2 2 TR BR 0
2 3 TR BL 1
3 3 TR BL 0
3 2 TL BR 1
4 4 TR BL 0
5 1 TR BR 1
1 3 BR BL 0
4 1 TL BL 1
4 2 TR BR 0
2 0 TR TL 1
4 5 BL BR 0
4 3 TL BL 1
4 0 TR BL 0
1 4 TR BL 1
0 4 BL TR 0
GAMEOVER WINNER 1
# Game ended: Fri Mar 29 18:33:13 EDT 2019
