# Server version 0.08 running on AlexHale:8123
# Game ID: 21
# Board class: pentago_swap.PentagoBoard
# Timeout: 2000
# First Move Timeout: 30000
# Date: Fri Mar 29 22:52:51 EDT 2019
# Player 1: Player-0, '260672475', running on 127.0.0.1
# Player 2: Player-1, 'RandomPlayer', running on 127.0.0.1
START Player-0 260672475
START Player-1 RandomPlayer
0 0 TL BR 0
0 1 TR BR 1
0 0 TL TR 0
3 3 TL TR 1
0 2 TL BL 0
1 4 BL BR 1
0 0 TL TR 0
4 0 TL BL 1
0 1 TL BL 0
5 4 BL BR 1
0 1 TL TR 0
3 5 TL TR 1
0 2 TL BL 0
1 2 BL BR 1
0 4 TL TR 0
5 3 TR BR 1
0 2 TL TR 0
GAMEOVER WINNER 0
# Game ended: Fri Mar 29 22:52:51 EDT 2019
