# Server version 0.08 running on AlexHale:8123
# Game ID: 110
# Board class: pentago_swap.PentagoBoard
# Timeout: 2000
# First Move Timeout: 30000
# Date: Wed Apr 03 11:19:34 EDT 2019
# Player 1: Player-0, 'RandomPlayer', running on 127.0.0.1
# Player 2: Player-1, '260672475', running on 127.0.0.1
START Player-0 RandomPlayer
START Player-1 260672475
5 2 TR BR 0
0 4 TL BR 1
0 3 TL TR 0
1 4 BL BR 1
4 0 BL BR 0
1 3 TR BL 1
2 0 TL BL 0
3 2 TL BL 1
5 3 BL BR 0
3 2 TR BR 1
2 2 TL TR 0
5 4 TR BL 1
0 0 BL BR 0
1 4 TR BR 1
4 5 TR BR 0
2 1 TL TR 1
2 1 TL BR 0
2 5 BL BR 1
4 5 TR BR 0
5 3 TL BL 1
4 2 TL TR 0
0 1 BL BR 1
4 3 TR BR 0
GAMEOVER TIMEOUT WINNER 0
# Game ended: Wed Apr 03 11:19:53 EDT 2019
