# Server version 0.08 running on AlexHale:8123
# Game ID: 200
# Board class: pentago_swap.PentagoBoard
# Timeout: 2000
# First Move Timeout: 30000
# Date: Sat Apr 06 01:12:32 EDT 2019
# Player 1: Player-0, '260672475', running on 127.0.0.1
# Player 2: Player-1, 'RandomPlayer', running on 127.0.0.1
START Player-0 260672475
START Player-1 RandomPlayer
5 2 TR BR 0
0 1 TR BR 1
0 4 TL TR 0
3 2 TL TR 1
4 0 BL BR 0
1 5 BL BR 1
2 1 TL BL 0
3 5 TL BL 1
5 3 BL BR 0
5 3 BL BR 1
1 4 TL TR 0
3 1 TL TR 1
0 0 BL BR 0
1 1 BL BR 1
GAMEOVER TIMEOUT WINNER 1
# Game ended: Sat Apr 06 01:12:35 EDT 2019
